f:\oops\try1\assignment04\utdirectorymanagementsystem\x64\debug\vc141.pdb
f:\oops\try1\assignment04\utdirectorymanagementsystem\x64\debug\vc141.idb
f:\oops\try1\assignment04\utdirectorymanagementsystem\x64\debug\utdms.obj
f:\oops\try1\assignment04\utdirectorymanagementsystem\x64\debug\personphonecontact.obj
f:\oops\try1\assignment04\utdirectorymanagementsystem\x64\debug\personemailcontact.obj
f:\oops\try1\assignment04\utdirectorymanagementsystem\x64\debug\personcontact.obj
f:\oops\try1\assignment04\utdirectorymanagementsystem\x64\debug\personaddresscontact.obj
f:\oops\try1\assignment04\utdirectorymanagementsystem\x64\debug\graph.obj
f:\oops\try1\assignment04\utdirectorymanagementsystem\x64\debug\dms.obj
f:\oops\try1\assignment04\utdirectorymanagementsystem\x64\debug\contact.obj
f:\oops\try1\assignment04\utdirectorymanagementsystem\x64\debug\businesswebcontact.obj
f:\oops\try1\assignment04\utdirectorymanagementsystem\x64\debug\businessphonecontact.obj
f:\oops\try1\assignment04\utdirectorymanagementsystem\x64\debug\businesscontact.obj
f:\oops\try1\assignment04\utdirectorymanagementsystem\x64\debug\businessaddresscontact.obj
f:\oops\try1\assignment04\x64\debug\utdirectorymanagementsystem.ilk
f:\oops\try1\assignment04\x64\debug\utdirectorymanagementsystem.dll
f:\oops\try1\assignment04\x64\debug\utdirectorymanagementsystem.pdb
f:\oops\try1\assignment04\x64\debug\utdirectorymanagementsystem.lib
f:\oops\try1\assignment04\x64\debug\utdirectorymanagementsystem.exp
f:\oops\try1\assignment04\utdirectorymanagementsystem\x64\debug\excel.tli
f:\oops\try1\assignment04\utdirectorymanagementsystem\x64\debug\mso.tli
f:\oops\try1\assignment04\utdirectorymanagementsystem\x64\debug\vbe6ext.tli
f:\oops\try1\assignment04\utdirectorymanagementsystem\x64\debug\excel.tlh
f:\oops\try1\assignment04\utdirectorymanagementsystem\x64\debug\mso.tlh
f:\oops\try1\assignment04\utdirectorymanagementsystem\x64\debug\vbe6ext.tlh
f:\oops\try1\assignment04\utdirectorymanagementsystem\x64\debug\utdirect.7e87dc04.tlog\cl.command.1.tlog
f:\oops\try1\assignment04\utdirectorymanagementsystem\x64\debug\utdirect.7e87dc04.tlog\cl.read.1.tlog
f:\oops\try1\assignment04\utdirectorymanagementsystem\x64\debug\utdirect.7e87dc04.tlog\cl.write.1.tlog
f:\oops\try1\assignment04\utdirectorymanagementsystem\x64\debug\utdirect.7e87dc04.tlog\link.command.1.tlog
f:\oops\try1\assignment04\utdirectorymanagementsystem\x64\debug\utdirect.7e87dc04.tlog\link.read.1.tlog
f:\oops\try1\assignment04\utdirectorymanagementsystem\x64\debug\utdirect.7e87dc04.tlog\link.write.1.tlog
f:\oops\try1\assignment04\utdirectorymanagementsystem\x64\debug\utdirect.7e87dc04.tlog\utdirectorymanagementsystem.write.1u.tlog
